<?xml version="1.0" encoding="UTF-8"?>
<testsuite xmlns:xsi="http://www.w3.org/2001/XMLSchema-instance" xsi:noNamespaceSchemaLocation="https://maven.apache.org/surefire/maven-surefire-plugin/xsd/surefire-test-report.xsd" version="3.0.2" name="ma.enset.gestion_consultation.GestionConsultationApplicationTests" time="4.695" tests="1" errors="0" skipped="0" failures="0">
  <properties>
[...]
</properties>
  <testcase name="contextLoads" classname="ma.enset.gestion_consultation.GestionConsultationApplicationTests" time="0.383">
    <system-out><![CDATA[11:40:28.926 [main] INFO org.springframework.test.context.support.AnnotationConfigContextLoaderUtils -- Could not detect default configuration classes for test class [ma.enset.gestion_consultation.GestionConsultationApplicationTests]: GestionConsultationApplicationTests does not declare any static, non-private, non-final, nested classes annotated with @Configuration.
11:40:29.037 [main] INFO org.springframework.boot.test.context.SpringBootTestContextBootstrapper -- Found @SpringBootConfiguration ma.enset.gestion_consultation.GestionConsultationApplication for test class ma.enset.gestion_consultation.GestionConsultationApplicationTests
11:40:29.206 [main] INFO org.springframework.boot.devtools.restart.RestartApplicationListener -- Restart disabled due to context in which it is running

  .   ____          _            __ _ _
 /\\ / ___'_ __ _ _(_)_ __  __ _ \ \ \ \
( ( )\___ | '_ | '_| | '_ \/ _` | \ \ \ \
 \\/  ___)| |_)| | | | | || (_| |  ) ) ) )
  '  |____| .__|_| |_|_| |_\__, | / / / /
 =========|_|==============|___/=/_/_/_/

 :: Spring Boot ::                (v3.4.3)

2025-03-16T11:40:29.470Z  INFO 15688 --- [gestion-consultation] [           main] .e.g.GestionConsultationApplicationTests : Starting GestionConsultationApplicationTests using Java 21.0.4 with PID 15688 (started by h.takieddine in C:\Users\h.takieddine\Downloads\gestion-consultation\gestion-consultation)
2025-03-16T11:40:29.472Z  INFO 15688 --- [gestion-consultation] [           main] .e.g.GestionConsultationApplicationTests : No active profile set, falling back to 1 default profile: "default"
2025-03-16T11:40:30.166Z  INFO 15688 --- [gestion-consultation] [           main] .s.d.r.c.RepositoryConfigurationDelegate : Bootstrapping Spring Data JPA repositories in DEFAULT mode.
2025-03-16T11:40:30.225Z  INFO 15688 --- [gestion-consultation] [           main] .s.d.r.c.RepositoryConfigurationDelegate : Finished Spring Data repository scanning in 49 ms. Found 2 JPA repository interfaces.
2025-03-16T11:40:30.668Z  INFO 15688 --- [gestion-consultation] [           main] o.hibernate.jpa.internal.util.LogHelper  : HHH000204: Processing PersistenceUnitInfo [name: default]
2025-03-16T11:40:30.727Z  INFO 15688 --- [gestion-consultation] [           main] org.hibernate.Version                    : HHH000412: Hibernate ORM core version 6.6.8.Final
2025-03-16T11:40:30.761Z  INFO 15688 --- [gestion-consultation] [           main] o.h.c.internal.RegionFactoryInitiator    : HHH000026: Second-level cache disabled
2025-03-16T11:40:31.081Z  INFO 15688 --- [gestion-consultation] [           main] o.s.o.j.p.SpringPersistenceUnitInfo      : No LoadTimeWeaver setup: ignoring JPA class transformer
2025-03-16T11:40:31.119Z  INFO 15688 --- [gestion-consultation] [           main] com.zaxxer.hikari.HikariDataSource       : HikariPool-1 - Starting...
2025-03-16T11:40:31.296Z  INFO 15688 --- [gestion-consultation] [           main] com.zaxxer.hikari.pool.HikariPool        : HikariPool-1 - Added connection com.mysql.cj.jdbc.ConnectionImpl@5d84e363
2025-03-16T11:40:31.298Z  INFO 15688 --- [gestion-consultation] [           main] com.zaxxer.hikari.HikariDataSource       : HikariPool-1 - Start completed.
2025-03-16T11:40:31.318Z  WARN 15688 --- [gestion-consultation] [           main] org.hibernate.orm.deprecation            : HHH90000025: MySQL8Dialect does not need to be specified explicitly using 'hibernate.dialect' (remove the property setting and it will be selected by default)
2025-03-16T11:40:31.319Z  WARN 15688 --- [gestion-consultation] [           main] org.hibernate.orm.deprecation            : HHH90000026: MySQL8Dialect has been deprecated; use org.hibernate.dialect.MySQLDialect instead
2025-03-16T11:40:31.337Z  INFO 15688 --- [gestion-consultation] [           main] org.hibernate.orm.connections.pooling    : HHH10001005: Database info:
	Database JDBC URL [Connecting through datasource 'HikariDataSource (HikariPool-1)']
	Database driver: undefined/unknown
	Database version: 8.0
	Autocommit mode: undefined/unknown
	Isolation level: undefined/unknown
	Minimum pool size: undefined/unknown
	Maximum pool size: undefined/unknown
2025-03-16T11:40:32.109Z  INFO 15688 --- [gestion-consultation] [           main] o.h.e.t.j.p.i.JtaPlatformInitiator       : HHH000489: No JTA platform available (set 'hibernate.transaction.jta.platform' to enable JTA platform integration)
2025-03-16T11:40:32.156Z DEBUG 15688 --- [gestion-consultation] [           main] org.hibernate.SQL                        : create table consultations (id bigint not null auto_increment, medicine varchar(255), patient_id bigint, primary key (id)) engine=InnoDB
Hibernate: create table consultations (id bigint not null auto_increment, medicine varchar(255), patient_id bigint, primary key (id)) engine=InnoDB
2025-03-16T11:40:32.177Z DEBUG 15688 --- [gestion-consultation] [           main] org.hibernate.SQL                        : alter table patients modify column id bigint not null auto_increment
Hibernate: alter table patients modify column id bigint not null auto_increment
2025-03-16T11:40:32.220Z DEBUG 15688 --- [gestion-consultation] [           main] org.hibernate.SQL                        : alter table patients add column email varchar(255)
Hibernate: alter table patients add column email varchar(255)
2025-03-16T11:40:32.228Z DEBUG 15688 --- [gestion-consultation] [           main] org.hibernate.SQL                        : alter table patients add column phone varchar(255)
Hibernate: alter table patients add column phone varchar(255)
2025-03-16T11:40:32.234Z DEBUG 15688 --- [gestion-consultation] [           main] org.hibernate.SQL                        : alter table consultations add constraint FKdqyibd6w1h5h66xn9aqx7fwv5 foreign key (patient_id) references patients (id)
Hibernate: alter table consultations add constraint FKdqyibd6w1h5h66xn9aqx7fwv5 foreign key (patient_id) references patients (id)
2025-03-16T11:40:32.271Z  INFO 15688 --- [gestion-consultation] [           main] j.LocalContainerEntityManagerFactoryBean : Initialized JPA EntityManagerFactory for persistence unit 'default'
2025-03-16T11:40:32.741Z  WARN 15688 --- [gestion-consultation] [           main] JpaBaseConfiguration$JpaWebConfiguration : spring.jpa.open-in-view is enabled by default. Therefore, database queries may be performed during view rendering. Explicitly configure spring.jpa.open-in-view to disable this warning
2025-03-16T11:40:33.086Z  INFO 15688 --- [gestion-consultation] [           main] .e.g.GestionConsultationApplicationTests : Started GestionConsultationApplicationTests in 3.895 seconds (process running for 5.748)
]]></system-out>
    <system-err><![CDATA[Mockito is currently self-attaching to enable the inline-mock-maker. This will no longer work in future releases of the JDK. Please add Mockito as an agent to your build what is described in Mockito's documentation: https://javadoc.io/doc/org.mockito/mockito-core/latest/org/mockito/Mockito.html#0.3
WARNING: A Java agent has been loaded dynamically (C:\Users\h.takieddine\.m2\repository\net\bytebuddy\byte-buddy-agent\1.15.11\byte-buddy-agent-1.15.11.jar)
WARNING: If a serviceability tool is in use, please run with -XX:+EnableDynamicAgentLoading to hide this warning
WARNING: If a serviceability tool is not in use, please run with -Djdk.instrument.traceUsage for more information
WARNING: Dynamic loading of agents will be disallowed by default in a future release
]]></system-err>
  </testcase>
</testsuite>